<?xml version="1.0" encoding="UTF-8"?>
<!-- Generated by org.testng.reporters.JUnitReportReporter -->
<testsuite hostname="N12275D1" name="view.testcase.Case01" tests="1" failures="0" timestamp="16 Aug 2017 09:34:42 GMT" time="10.022" errors="0">
  <testcase name="test01" time="10.022" classname="view.testcase.Case01"/>
</testsuite> <!-- view.testcase.Case01 -->
