<?xml version="1.0" encoding="UTF-8"?>
<!-- Generated by org.testng.reporters.JUnitReportReporter -->
<testsuite hostname="N12275D1" name="view.testcase.HomePageCase" tests="1" failures="0" timestamp="17 Aug 2017 09:03:44 GMT" time="0.704" errors="0">
  <testcase name="testHome" time="0.704" classname="view.testcase.HomePageCase"/>
</testsuite> <!-- view.testcase.HomePageCase -->
